<?xml version="1.0" encoding="UTF-8"?>
<!-- Generated by org.testng.reporters.JUnitXMLReporter -->
<testsuite ignored="0" hostname="SOUL-ERP01" failures="0" tests="3" name="Default test" time="21.301" errors="0" timestamp="2023-03-30T15:23:27 IST">
  <testcase classname="com.maven_testing.test.Admission.StudentAdmissionTest" name="loginMethod" time="0.824"/>
  <testcase classname="com.maven_testing.test.Admission.StudentAdmissionTest" name="getMenuPage" time="4.391"/>
  <testcase classname="com.maven_testing.test.Admission.StudentAdmissionTest" name="addStudentAdmission" time="11.36"/>
</testsuite> <!-- Default test -->
