<?xml version="1.0" encoding="UTF-8"?>
<!-- Generated by org.testng.reporters.JUnitXMLReporter -->
<testsuite ignored="1" hostname="SOUL-ERP01" failures="0" tests="3" name="Command line test" time="50.536" errors="0" timestamp="2023-01-20T14:41:09 IST">
  <testcase classname="com.maven_testing.test.StudentTest" name="loginMethod" time="0.767"/>
  <testcase classname="com.maven_testing.test.StudentTest" name="getStudentPage" time="17.806"/>
  <testcase classname="com.maven_testing.test.StudentTest" name="validRegistrationTest" time="20.242"/>
  <testcase classname="com.maven_testing.test.StudentTest" name="getStudent" time="0.0">
    <ignored/>
  </testcase> <!-- getStudent -->
</testsuite> <!-- Command line test -->
