<?xml version="1.0" encoding="UTF-8"?>
<testng-results ignored="0" total="3" passed="3" failed="0" skipped="0">
  <reporter-output>
  </reporter-output>
  <suite started-at="2023-03-30T15:23:06 IST" name="Default suite" finished-at="2023-03-30T15:23:27 IST" duration-ms="21301">
    <groups>
    </groups>
    <test started-at="2023-03-30T15:23:06 IST" name="Default test" finished-at="2023-03-30T15:23:27 IST" duration-ms="21301">
      <class name="com.maven_testing.test.Admission.StudentAdmissionTest">
        <test-method is-config="true" signature="setUp()[pri:0, instance:com.maven_testing.test.Admission.StudentAdmissionTest@503d687a]" started-at="2023-03-30T15:23:06 IST" name="setUp" finished-at="2023-03-30T15:23:10 IST" duration-ms="4698" status="PASS">
          <reporter-output>
          </reporter-output>
        </test-method> <!-- setUp -->
        <test-method signature="loginMethod()[pri:1, instance:com.maven_testing.test.Admission.StudentAdmissionTest@503d687a]" started-at="2023-03-30T15:23:10 IST" name="loginMethod" finished-at="2023-03-30T15:23:11 IST" duration-ms="824" status="PASS">
          <reporter-output>
          </reporter-output>
        </test-method> <!-- loginMethod -->
        <test-method signature="getMenuPage()[pri:2, instance:com.maven_testing.test.Admission.StudentAdmissionTest@503d687a]" started-at="2023-03-30T15:23:11 IST" name="getMenuPage" finished-at="2023-03-30T15:23:16 IST" duration-ms="4391" status="PASS">
          <reporter-output>
          </reporter-output>
        </test-method> <!-- getMenuPage -->
        <test-method signature="addStudentAdmission()[pri:3, instance:com.maven_testing.test.Admission.StudentAdmissionTest@503d687a]" started-at="2023-03-30T15:23:16 IST" name="addStudentAdmission" finished-at="2023-03-30T15:23:27 IST" duration-ms="11360" status="PASS">
          <reporter-output>
          </reporter-output>
        </test-method> <!-- addStudentAdmission -->
      </class> <!-- com.maven_testing.test.Admission.StudentAdmissionTest -->
    </test> <!-- Default test -->
  </suite> <!-- Default suite -->
</testng-results>
